<?xml version="1.0" encoding="UTF-8"?>
<!-- Generated by org.testng.reporters.JUnitReportReporter -->
<testsuite hostname="aefbcdcffbcfecbccfaabacdbacdafeebf-0" failures="0" tests="1" name="com.niranjan.AppTest" time="0.005" errors="0" timestamp="2023-08-01T10:04:35 UTC" skipped="0">
  <testcase classname="com.niranjan.AppTest" name="shouldAnswerWithTrue" time="0.005"/>
  <system-out/>
</testsuite> <!-- com.niranjan.AppTest -->
